#
# There is insufficient memory for the Java Runtime Environment to continue.
# Native memory allocation (mmap) failed to map 260046848 bytes for G1 virtual space
# Possible reasons:
#   The system is out of physical RAM or swap space
#   The process is running with CompressedOops enabled, and the Java Heap may be blocking the growth of the native heap
# Possible solutions:
#   Reduce memory load on the system
#   Increase physical memory or swap space
#   Check if swap backing store is full
#   Decrease Java heap size (-Xmx/-Xms)
#   Decrease number of Java threads
#   Decrease Java thread stack sizes (-Xss)
#   Set larger code cache with -XX:ReservedCodeCacheSize=
#   JVM is running with Zero Based Compressed Oops mode in which the Java heap is
#     placed in the first 32GB address space. The Java Heap base address is the
#     maximum limit for the native heap growth. Please use -XX:HeapBaseMinAddress
#     to set the Java Heap base and to place the Java Heap above 32GB virtual address.
# This output file may be truncated or incomplete.
#
#  Out of Memory Error (os_windows.cpp:3600), pid=28492, tid=13380
#
# JRE version:  (21.0.1+12) (build )
# Java VM: Java HotSpot(TM) 64-Bit Server VM (21.0.1+12-LTS-29, mixed mode, sharing, tiered, compressed oops, compressed class ptrs, g1 gc, windows-amd64)
# No core dump will be written. Minidumps are not enabled by default on client versions of Windows
#

---------------  S U M M A R Y ------------

Command Line: -Dfile.encoding=UTF-8 --module-path=C:\Users\Renuka\Documents\NetBeansProjects\Hotel Management System\build\classes hotel.management.system.AddCustomer

Host: AMD Ryzen 5 5600H with Radeon Graphics         , 12 cores, 15G,  Windows 11 , 64 bit Build 22621 (10.0.22621.3235)
Time: Fri Apr  5 10:16:29 2024 India Standard Time elapsed time: 0.017217 seconds (0d 0h 0m 0s)

---------------  T H R E A D  ---------------

Current thread (0x00000128bd4cb2d0):  JavaThread "Unknown thread" [_thread_in_vm, id=13380, stack(0x0000001f7b000000,0x0000001f7b100000) (1024K)]

Stack: [0x0000001f7b000000,0x0000001f7b100000]
Native frames: (J=compiled Java code, j=interpreted, Vv=VM code, C=native code)
V  [jvm.dll+0x6c9029]
V  [jvm.dll+0x854b81]
V  [jvm.dll+0x856e5e]
V  [jvm.dll+0x857543]
V  [jvm.dll+0x280c06]
V  [jvm.dll+0x6c5715]
V  [jvm.dll+0x6ba10a]
V  [jvm.dll+0x3557ea]
V  [jvm.dll+0x35d436]
V  [jvm.dll+0x3ae1be]
V  [jvm.dll+0x3ae468]
V  [jvm.dll+0x3291fc]
V  [jvm.dll+0x329d8b]
V  [jvm.dll+0x81d179]
V  [jvm.dll+0x3bb4f1]
V  [jvm.dll+0x805ae8]
V  [jvm.dll+0x44effe]
V  [jvm.dll+0x450901]
C  [jli.dll+0x52a3]
C  [ucrtbase.dll+0x29363]
C  [KERNEL32.DLL+0x1257d]
C  [ntdll.dll+0x5aa58]


---------------  P R O C E S S  ---------------

Threads class SMR info:
_java_thread_list=0x00007ffd578f9b88, length=0, elements={
}

Java Threads: ( => current thread )
Total: 0

Other Threads:
  0x00000128bf74ab70 WorkerThread "GC Thread#0"                     [id=46052, stack(0x0000001f7b100000,0x0000001f7b200000) (1024K)]
  0x00000128bf75b280 ConcurrentGCThread "G1 Main Marker"            [id=16136, stack(0x0000001f7b200000,0x0000001f7b300000) (1024K)]
  0x00000128bf75bc80 WorkerThread "G1 Conc#0"                       [id=28464, stack(0x0000001f7b300000,0x0000001f7b400000) (1024K)]

[error occurred during error reporting (printing all threads), id 0xc0000005, EXCEPTION_ACCESS_VIOLATION (0xc0000005) at pc=0x00007ffd5706c2c7]
VM state: not at safepoint (not fully initialized)

VM Mutex/Monitor currently owned by a thread:  ([mutex/lock_event])
[0x00007ffd5796a6f8] Heap_lock - owner thread: 0x00000128bd4cb2d0

Heap address: 0x0000000709800000, size: 3944 MB, Compressed Oops mode: Zero based, Oop shift amount: 3

CDS archive(s) mapped at: [0x0000000000000000-0x0000000000000000-0x0000000000000000), size 0, SharedBaseAddress: 0x0000000800000000, ArchiveRelocationMode: 1.
Narrow klass base: 0x0000000000000000, Narrow klass shift: 0, Narrow klass range: 0x0

GC Precious Log:
 CardTable entry size: 512
 Card Set container configuration: InlinePtr #cards 4 size 8 Array Of Cards #cards 16 size 48 Howl #buckets 8 coarsen threshold 3686 Howl Bitmap #cards 512 size 80 coarsen threshold 460 Card regions per heap region 1 cards per card region 4096

Heap:
 garbage-first heap   total 0K, used 0K [0x0000000709800000, 0x0000000800000000)
  region size 2048K, 0 young (0K), 0 survivors (0K)

[error occurred during error reporting (printing heap information), id 0xc0000005, EXCEPTION_ACCESS_VIOLATION (0xc0000005) at pc=0x00007ffd57451be9]
GC Heap History (0 events):
No events

Dll operation events (1 events):
Event: 0.010 Loaded shared library C:\Program Files\Java\jdk-21\bin\java.dll

Deoptimization events (0 events):
No events

Classes loaded (0 events):
No events

Classes unloaded (0 events):
No events

Classes redefined (0 events):
No events

Internal exceptions (0 events):
No events

ZGC Phase Switch (0 events):
No events

VM Operations (0 events):
No events

Events (0 events):
No events


Dynamic libraries:
0x00007ff739f00000 - 0x00007ff739f10000 	C:\Program Files\Java\jdk-21\bin\java.exe
0x00007ffddf5d0000 - 0x00007ffddf7e6000 	C:\Windows\SYSTEM32\ntdll.dll
0x00007ffdde950000 - 0x00007ffddea14000 	C:\Windows\System32\KERNEL32.DLL
0x00007ffddcb20000 - 0x00007ffddcec6000 	C:\Windows\System32\KERNELBASE.dll
0x00007ffddd200000 - 0x00007ffddd311000 	C:\Windows\System32\ucrtbase.dll
0x00007ffdd7740000 - 0x00007ffdd775b000 	C:\Program Files\Java\jdk-21\bin\VCRUNTIME140.dll
0x00007ffdbe5d0000 - 0x00007ffdbe5e9000 	C:\Program Files\Java\jdk-21\bin\jli.dll
0x00007ffddf270000 - 0x00007ffddf322000 	C:\Windows\System32\ADVAPI32.dll
0x00007ffdddd90000 - 0x00007ffddde37000 	C:\Windows\System32\msvcrt.dll
0x00007ffddd320000 - 0x00007ffddd3c8000 	C:\Windows\System32\sechost.dll
0x00007ffddd000000 - 0x00007ffddd028000 	C:\Windows\System32\bcrypt.dll
0x00007ffdddf00000 - 0x00007ffdde015000 	C:\Windows\System32\RPCRT4.dll
0x00007ffddeda0000 - 0x00007ffddef4d000 	C:\Windows\System32\USER32.dll
0x00007ffddd1d0000 - 0x00007ffddd1f6000 	C:\Windows\System32\win32u.dll
0x00007ffdddec0000 - 0x00007ffdddee9000 	C:\Windows\System32\GDI32.dll
0x00007ffdc97c0000 - 0x00007ffdc9a53000 	C:\Windows\WinSxS\amd64_microsoft.windows.common-controls_6595b64144ccf1df_6.0.22621.3235_none_270f74e173860f98\COMCTL32.dll
0x00007ffddd0b0000 - 0x00007ffddd1c8000 	C:\Windows\System32\gdi32full.dll
0x00007ffddc910000 - 0x00007ffddc9aa000 	C:\Windows\System32\msvcp_win.dll
0x00007ffdd2a30000 - 0x00007ffdd2a3a000 	C:\Windows\SYSTEM32\VERSION.dll
0x00007ffdde580000 - 0x00007ffdde5b1000 	C:\Windows\System32\IMM32.DLL
0x00007ffdd79d0000 - 0x00007ffdd79dc000 	C:\Program Files\Java\jdk-21\bin\vcruntime140_1.dll
0x00007ffd9bfb0000 - 0x00007ffd9c03e000 	C:\Program Files\Java\jdk-21\bin\msvcp140.dll
0x00007ffd56d30000 - 0x00007ffd57a45000 	C:\Program Files\Java\jdk-21\bin\server\jvm.dll
0x00007ffddecc0000 - 0x00007ffdded31000 	C:\Windows\System32\WS2_32.dll
0x00007ffddc7e0000 - 0x00007ffddc82d000 	C:\Windows\SYSTEM32\POWRPROF.dll
0x00007ffdd4a80000 - 0x00007ffdd4ab4000 	C:\Windows\SYSTEM32\WINMM.dll
0x00007ffddc7c0000 - 0x00007ffddc7d3000 	C:\Windows\SYSTEM32\UMPDC.dll
0x00007ffddb950000 - 0x00007ffddb968000 	C:\Windows\SYSTEM32\kernel.appcore.dll
0x00007ffdd77d0000 - 0x00007ffdd77da000 	C:\Program Files\Java\jdk-21\bin\jimage.dll
0x00007ffdd9f50000 - 0x00007ffdda183000 	C:\Windows\SYSTEM32\DBGHELP.DLL
0x00007ffdde5c0000 - 0x00007ffdde948000 	C:\Windows\System32\combase.dll
0x00007ffddebe0000 - 0x00007ffddecb7000 	C:\Windows\System32\OLEAUT32.dll
0x00007ffdc9af0000 - 0x00007ffdc9b22000 	C:\Windows\SYSTEM32\dbgcore.DLL
0x00007ffddd030000 - 0x00007ffddd0aa000 	C:\Windows\System32\bcryptPrimitives.dll
0x00007ffdcc180000 - 0x00007ffdcc19f000 	C:\Program Files\Java\jdk-21\bin\java.dll

dbghelp: loaded successfully - version: 4.0.5 - missing functions: none
symbol engine: initialized successfully - sym options: 0x614 - pdb path: .;C:\Program Files\Java\jdk-21\bin;C:\Windows\SYSTEM32;C:\Windows\WinSxS\amd64_microsoft.windows.common-controls_6595b64144ccf1df_6.0.22621.3235_none_270f74e173860f98;C:\Program Files\Java\jdk-21\bin\server

VM Arguments:
jvm_args: -Dfile.encoding=UTF-8 --module-path=C:\Users\Renuka\Documents\NetBeansProjects\Hotel Management System\build\classes 
java_command: hotel.management.system.AddCustomer
java_class_path (initial): C:\Users\Renuka\Documents\NetBeansProjects\Hotel Management System\lib\mysql-connector-java-8.0;C:\Users\Renuka\Documents\NetBeansProjects\Hotel Management System\build\classes
Launcher Type: SUN_STANDARD

[Global flags]
     intx CICompilerCount                          = 4                                         {product} {ergonomic}
     uint ConcGCThreads                            = 3                                         {product} {ergonomic}
     uint G1ConcRefinementThreads                  = 10                                        {product} {ergonomic}
   size_t G1HeapRegionSize                         = 2097152                                   {product} {ergonomic}
    uintx GCDrainStackTargetSize                   = 64                                        {product} {ergonomic}
   size_t InitialHeapSize                          = 260046848                                 {product} {ergonomic}
   size_t MarkStackSize                            = 4194304                                   {product} {ergonomic}
   size_t MaxHeapSize                              = 4135583744                                {product} {ergonomic}
   size_t MinHeapDeltaBytes                        = 2097152                                   {product} {ergonomic}
   size_t MinHeapSize                              = 8388608                                   {product} {ergonomic}
    uintx NonNMethodCodeHeapSize                   = 5839372                                {pd product} {ergonomic}
    uintx NonProfiledCodeHeapSize                  = 122909434                              {pd product} {ergonomic}
    uintx ProfiledCodeHeapSize                     = 122909434                              {pd product} {ergonomic}
    uintx ReservedCodeCacheSize                    = 251658240                              {pd product} {ergonomic}
     bool SegmentedCodeCache                       = true                                      {product} {ergonomic}
   size_t SoftMaxHeapSize                          = 4135583744                             {manageable} {ergonomic}
     bool UseCompressedOops                        = true                           {product lp64_product} {ergonomic}
     bool UseG1GC                                  = true                                      {product} {ergonomic}
     bool UseLargePagesIndividualAllocation        = false                                  {pd product} {ergonomic}

Logging:
Log output configuration:
 #0: stdout all=warning uptime,level,tags foldmultilines=false
 #1: stderr all=off uptime,level,tags foldmultilines=false

Environment Variables:
PATH=C:\Program Files\Common Files\Oracle\Java\javapath;C:\Program Files (x86)\VMware\VMware Workstation\bin\;C:\Windows\system32;C:\Windows;C:\Windows\System32\Wbem;C:\Windows\System32\WindowsPowerShell\v1.0\;C:\Windows\System32\OpenSSH\;C:\Program Files\MySQL\MySQL Shell 8.0\bin\;C:\Users\Renuka\AppData\Local\Microsoft\WindowsApps;C:\Users\Renuka\AppData\Local\Programs\Microsoft VS Code\bin;C:\Users\Renuka\AppData\Local\GitHubDesktop\bin
USERNAME=Renuka
OS=Windows_NT
PROCESSOR_IDENTIFIER=AMD64 Family 25 Model 80 Stepping 0, AuthenticAMD
TMP=C:\Users\Renuka\AppData\Local\Temp
TEMP=C:\Users\Renuka\AppData\Local\Temp




Periodic native trim disabled

---------------  S Y S T E M  ---------------

OS:
 Windows 11 , 64 bit Build 22621 (10.0.22621.3235)
OS uptime: 2 days 19:10 hours

CPU: total 12 (initial active 12) (12 cores per cpu, 2 threads per core) family 25 model 80 stepping 0 microcode 0x0, cx8, cmov, fxsr, ht, mmx, 3dnowpref, sse, sse2, sse3, ssse3, sse4a, sse4.1, sse4.2, popcnt, lzcnt, tsc, tscinvbit, avx, avx2, aes, erms, clmul, bmi1, bmi2, adx, sha, fma, vzeroupper, clflush, clflushopt, rdtscp, rdpid, fsrm, f16c, pku, cet_ss
Processor Information for processor 0
  Max Mhz: 3301, Current Mhz: 1908, Mhz Limit: 3301
Processor Information for processor 1
  Max Mhz: 3301, Current Mhz: 1908, Mhz Limit: 3301
Processor Information for processor 2
  Max Mhz: 3301, Current Mhz: 1805, Mhz Limit: 3301
Processor Information for processor 3
  Max Mhz: 3301, Current Mhz: 1805, Mhz Limit: 3301
Processor Information for processor 4
  Max Mhz: 3301, Current Mhz: 1908, Mhz Limit: 3301
Processor Information for processor 5
  Max Mhz: 3301, Current Mhz: 1908, Mhz Limit: 3301
Processor Information for processor 6
  Max Mhz: 3301, Current Mhz: 1805, Mhz Limit: 3301
Processor Information for processor 7
  Max Mhz: 3301, Current Mhz: 1908, Mhz Limit: 3301
Processor Information for processor 8
  Max Mhz: 3301, Current Mhz: 1908, Mhz Limit: 3301
Processor Information for processor 9
  Max Mhz: 3301, Current Mhz: 1908, Mhz Limit: 3301
Processor Information for processor 10
  Max Mhz: 3301, Current Mhz: 1908, Mhz Limit: 3301
Processor Information for processor 11
  Max Mhz: 3301, Current Mhz: 1908, Mhz Limit: 3301

Memory: 4k page, system-wide physical 15775M (2662M free)
TotalPageFile size 64927M (AvailPageFile size 225M)
current process WorkingSet (physical memory assigned to process): 11M, peak: 11M
current process commit charge ("private bytes"): 64M, peak: 312M

vm_info: Java HotSpot(TM) 64-Bit Server VM (21.0.1+12-LTS-29) for windows-amd64 JRE (21.0.1+12-LTS-29), built on 2023-10-05T13:27:09Z by "mach5one" with MS VC++ 17.1 (VS2022)

END.
